platforms/android/app/build/outputs/logs/manifest-merger-debug-report.txt
-- Merging decision tree log ---
manifest
ADDED from src\main\AndroidManifest.xml:2:1-33:12
INJECTED from src\main\AndroidManifest.xml:2:1-33:12
INJECTED from src\main\AndroidManifest.xml:2:1-33:12
INJECTED from src\main\AndroidManifest.xml:2:1-33:12
MERGED from [me.leolin:ShortcutBadger:1.1.4] AndroidManifest.xml:2:1-35:12
MERGED from [com.google.firebase:firebase-auth:16.1.0] AndroidManifest.xml:17:1-42:12
MERGED from [com.crashlytics.sdk.android:crashlytics:2.9.1] AndroidManifest.xml:2:1-19:12
MERGED from [:barcodescanner-release-2.1.5:] AndroidManifest.xml:2:1-14:12
MERGED from [com.google.android.gms:play-services-tagmanager:16.0.6] AndroidManifest.xml:17:1-22:12
MERGED from [com.google.firebase:firebase-core:16.0.6] AndroidManifest.xml:2:1-9:12
MERGED from [com.google.firebase:firebase-messaging:17.3.4] AndroidManifest.xml:17:1-37:12
MERGED from [com.google.firebase:firebase-perf:16.2.3] AndroidManifest.xml:17:1-41:12
MERGED from [com.google.firebase:firebase-config:16.1.2] AndroidManifest.xml:17:1-24:12
MERGED from [com.google.android.gms:play-services-flags:16.0.1] AndroidManifest.xml:17:1-22:12
MERGED from [com.google.firebase:firebase-auth-interop:16.0.1] AndroidManifest.xml:2:1-10:12
MERGED from [com.google.android.gms:play-services-analytics-impl:16.0.6] AndroidManifest.xml:17:1-31:12
MERGED from [com.google.android.gms:play-services-clearcut:16.0.0] AndroidManifest.xml:17:1-24:12
MERGED from [com.google.android.gms:play-services-phenotype:16.0.0] AndroidManifest.xml:17:1-24:12
MERGED from [com.google.android.gms:play-services-tagmanager-api:16.0.6] AndroidManifest.xml:17:1-47:12
MERGED from [com.google.firebase:firebase-measurement-connector-impl:17.0.4] AndroidManifest.xml:17:1-34:12
MERGED from [com.google.firebase:firebase-analytics:16.0.6] AndroidManifest.xml:17:1-55:12
MERGED from [com.google.android.gms:play-services-measurement-api:16.0.4] AndroidManifest.xml:17:1-25:12
MERGED from [com.google.firebase:firebase-abt:16.0.1] AndroidManifest.xml:2:1-7:12
MERGED from [com.google.firebase:firebase-analytics-impl:16.2.4] AndroidManifest.xml:17:1-40:12
MERGED from [com.google.firebase:firebase-iid:17.0.4] AndroidManifest.xml:17:1-59:12
MERGED from [com.google.firebase:firebase-iid-interop:16.0.1] AndroidManifest.xml:2:1-10:12
MERGED from [com.google.android.gms:play-services-base:16.0.1] AndroidManifest.xml:17:1-29:12
MERGED from [com.google.firebase:firebase-common:16.0.3] AndroidManifest.xml:2:1-17:12
MERGED from [com.google.android.gms:play-services-tasks:16.0.1] AndroidManifest.xml:2:1-9:12
MERGED from [com.google.android.gms:play-services-ads-identifier:16.0.0] AndroidManifest.xml:17:1-24:12
MERGED from [com.google.android.gms:play-services-measurement-base:16.0.5] AndroidManifest.xml:2:1-9:12
MERGED from [com.google.android.gms:play-services-stats:16.0.1] AndroidManifest.xml:2:1-9:12
MERGED from [com.google.firebase:firebase-measurement-connector:17.0.1] AndroidManifest.xml:17:1-25:12
MERGED from [com.google.android.gms:play-services-basement:16.1.0] AndroidManifest.xml:17:1-28:12
MERGED from [com.android.support:support-v4:27.1.1] AndroidManifest.xml:17:1-22:12
MERGED from [com.android.support:support-media-compat:27.1.1] AndroidManifest.xml:17:1-22:12
MERGED from [com.android.support:support-fragment:27.1.1] AndroidManifest.xml:17:1-22:12
MERGED from [com.android.support:support-core-ui:27.1.1] AndroidManifest.xml:17:1-22:12
MERGED from [com.android.support:support-core-utils:27.1.1] AndroidManifest.xml:17:1-22:12
MERGED from [com.android.support:support-compat:27.1.1] AndroidManifest.xml:17:1-22:12
MERGED from [:CordovaLib] AndroidManifest.xml:20:1-27:12
MERGED from [com.crashlytics.sdk.android:beta:1.2.7] AndroidManifest.xml:2:1-13:12
MERGED from [com.crashlytics.sdk.android:crashlytics-core:2.6.1] AndroidManifest.xml:45:1-56:12
MERGED from [com.crashlytics.sdk.android:answers:1.4.1] AndroidManifest.xml:2:1-13:12
MERGED from [io.fabric.sdk.android:fabric:1.4.2] AndroidManifest.xml:22:1-33:12
MERGED from [android.arch.lifecycle:runtime:1.1.0] AndroidManifest.xml:17:1-22:12
MERGED from [android.arch.lifecycle:livedata-core:1.1.0] AndroidManifest.xml:17:1-22:12
MERGED from [android.arch.lifecycle:viewmodel:1.1.0] AndroidManifest.xml:17:1-22:12
MERGED from [android.arch.core:runtime:1.1.0] AndroidManifest.xml:17:1-22:12
INJECTED from src\main\AndroidManifest.xml:2:1-33:12
INJECTED from src\main\AndroidManifest.xml:2:1-33:12
INJECTED from src\main\AndroidManifest.xml:2:1-33:12
	package
		ADDED from src\main\AndroidManifest.xml:2:98-124
		INJECTED from src\main\AndroidManifest.xml
		INJECTED from src\main\AndroidManifest.xml
	android:versionName
		ADDED from src\main\AndroidManifest.xml:2:70-97
		INJECTED from src\main\AndroidManifest.xml
		INJECTED from src\main\AndroidManifest.xml
	android:hardwareAccelerated
		ADDED from src\main\AndroidManifest.xml:2:11-45
	xmlns:android
		ADDED from src\main\AndroidManifest.xml:2:125-183
	android:versionCode
		ADDED from src\main\AndroidManifest.xml:2:46-69
		INJECTED from src\main\AndroidManifest.xml
		INJECTED from src\main\AndroidManifest.xml
supports-screens
ADDED from src\main\AndroidManifest.xml:3:5-191
	android:largeScreens
		ADDED from src\main\AndroidManifest.xml:3:49-76
	android:smallScreens
		ADDED from src\main\AndroidManifest.xml:3:132-159
	android:normalScreens
		ADDED from src\main\AndroidManifest.xml:3:77-105
	android:xlargeScreens
		ADDED from src\main\AndroidManifest.xml:3:160-188
	android:resizeable
		ADDED from src\main\AndroidManifest.xml:3:106-131
	android:anyDensity
		ADDED from src\main\AndroidManifest.xml:3:23-48
uses-permission#android.permission.INTERNET
ADDED from src\main\AndroidManifest.xml:4:5-67
MERGED from [com.crashlytics.sdk.android:crashlytics:2.9.1] AndroidManifest.xml:9:5-67
MERGED from [com.crashlytics.sdk.android:crashlytics:2.9.1] AndroidManifest.xml:9:5-67
MERGED from [com.google.firebase:firebase-perf:16.2.3] AndroidManifest.xml:22:5-67
MERGED from [com.google.firebase:firebase-perf:16.2.3] AndroidManifest.xml:22:5-67
MERGED from [com.google.android.gms:play-services-analytics-impl:16.0.6] AndroidManifest.xml:23:5-67
MERGED from [com.google.android.gms:play-services-analytics-impl:16.0.6] AndroidManifest.xml:23:5-67
MERGED from [com.google.android.gms:play-services-tagmanager-api:16.0.6] AndroidManifest.xml:23:5-67
MERGED from [com.google.android.gms:play-services-tagmanager-api:16.0.6] AndroidManifest.xml:23:5-67
MERGED from [com.google.firebase:firebase-measurement-connector-impl:17.0.4] AndroidManifest.xml:22:5-67
MERGED from [com.google.firebase:firebase-measurement-connector-impl:17.0.4] AndroidManifest.xml:22:5-67
MERGED from [com.google.firebase:firebase-analytics:16.0.6] AndroidManifest.xml:23:5-67
MERGED from [com.google.firebase:firebase-analytics:16.0.6] AndroidManifest.xml:23:5-67
MERGED from [com.google.firebase:firebase-analytics-impl:16.2.4] AndroidManifest.xml:23:5-67
MERGED from [com.google.firebase:firebase-analytics-impl:16.2.4] AndroidManifest.xml:23:5-67
MERGED from [com.google.firebase:firebase-iid:17.0.4] AndroidManifest.xml:23:5-67
MERGED from [com.google.firebase:firebase-iid:17.0.4] AndroidManifest.xml:23:5-67
MERGED from [com.crashlytics.sdk.android:beta:1.2.7] AndroidManifest.xml:9:5-67
MERGED from [com.crashlytics.sdk.android:beta:1.2.7] AndroidManifest.xml:9:5-67
MERGED from [com.crashlytics.sdk.android:crashlytics-core:2.6.1] AndroidManifest.xml:52:5-67
MERGED from [com.crashlytics.sdk.android:crashlytics-core:2.6.1] AndroidManifest.xml:52:5-67
MERGED from [com.crashlytics.sdk.android:answers:1.4.1] AndroidManifest.xml:9:5-67
MERGED from [com.crashlytics.sdk.android:answers:1.4.1] AndroidManifest.xml:9:5-67
MERGED from [io.fabric.sdk.android:fabric:1.4.2] AndroidManifest.xml:29:5-67
MERGED from [io.fabric.sdk.android:fabric:1.4.2] AndroidManifest.xml:29:5-67
	android:name
		ADDED from src\main\AndroidManifest.xml:4:22-64
application
ADDED from src\main\AndroidManifest.xml:5:5-26:19
MERGED from [com.google.firebase:firebase-auth:16.1.0] AndroidManifest.xml:23:5-40:19
MERGED from [com.google.firebase:firebase-auth:16.1.0] AndroidManifest.xml:23:5-40:19
MERGED from [com.crashlytics.sdk.android:crashlytics:2.9.1] AndroidManifest.xml:11:5-17:19
MERGED from [com.crashlytics.sdk.android:crashlytics:2.9.1] AndroidManifest.xml:11:5-17:19
MERGED from [:barcodescanner-release-2.1.5:] AndroidManifest.xml:11:5-12:19
MERGED from [:barcodescanner-release-2.1.5:] AndroidManifest.xml:11:5-12:19
MERGED from [com.google.firebase:firebase-core:16.0.6] AndroidManifest.xml:7:5-20
MERGED from [com.google.firebase:firebase-core:16.0.6] AndroidManifest.xml:7:5-20
MERGED from [com.google.firebase:firebase-messaging:17.3.4] AndroidManifest.xml:22:5-35:19
MERGED from [com.google.firebase:firebase-messaging:17.3.4] AndroidManifest.xml:22:5-35:19
MERGED from [com.google.firebase:firebase-perf:16.2.3] AndroidManifest.xml:27:5-39:19
MERGED from [com.google.firebase:firebase-perf:16.2.3] AndroidManifest.xml:27:5-39:19
MERGED from [com.google.firebase:firebase-config:16.1.2] AndroidManifest.xml:22:5-20
MERGED from [com.google.firebase:firebase-config:16.1.2] AndroidManifest.xml:22:5-20
MERGED from [com.google.firebase:firebase-auth-interop:16.0.1] AndroidManifest.xml:7:5-8:19
MERGED from [com.google.firebase:firebase-auth-interop:16.0.1] AndroidManifest.xml:7:5-8:19
MERGED from [com.google.android.gms:play-services-analytics-impl:16.0.6] AndroidManifest.xml:29:5-20
MERGED from [com.google.android.gms:play-services-analytics-impl:16.0.6] AndroidManifest.xml:29:5-20
MERGED from [com.google.android.gms:play-services-clearcut:16.0.0] AndroidManifest.xml:22:5-20
MERGED from [com.google.android.gms:play-services-clearcut:16.0.0] AndroidManifest.xml:22:5-20
MERGED from [com.google.android.gms:play-services-phenotype:16.0.0] AndroidManifest.xml:22:5-20
MERGED from [com.google.android.gms:play-services-phenotype:16.0.0] AndroidManifest.xml:22:5-20
MERGED from [com.google.android.gms:play-services-tagmanager-api:16.0.6] AndroidManifest.xml:26:5-45:19
MERGED from [com.google.android.gms:play-services-tagmanager-api:16.0.6] AndroidManifest.xml:26:5-45:19
MERGED from [com.google.firebase:firebase-measurement-connector-impl:17.0.4] AndroidManifest.xml:26:5-32:19
MERGED from [com.google.firebase:firebase-measurement-connector-impl:17.0.4] AndroidManifest.xml:26:5-32:19
MERGED from [com.google.firebase:firebase-analytics:16.0.6] AndroidManifest.xml:28:5-53:19
MERGED from [com.google.firebase:firebase-analytics:16.0.6] AndroidManifest.xml:28:5-53:19
MERGED from [com.google.android.gms:play-services-measurement-api:16.0.4] AndroidManifest.xml:22:5-23:19
MERGED from [com.google.android.gms:play-services-measurement-api:16.0.4] AndroidManifest.xml:22:5-23:19
MERGED from [com.google.firebase:firebase-analytics-impl:16.2.4] AndroidManifest.xml:28:5-38:19
MERGED from [com.google.firebase:firebase-analytics-impl:16.2.4] AndroidManifest.xml:28:5-38:19
MERGED from [com.google.firebase:firebase-iid:17.0.4] AndroidManifest.xml:28:5-57:19
MERGED from [com.google.firebase:firebase-iid:17.0.4] AndroidManifest.xml:28:5-57:19
MERGED from [com.google.firebase:firebase-iid-interop:16.0.1] AndroidManifest.xml:7:5-8:19
MERGED from [com.google.firebase:firebase-iid-interop:16.0.1] AndroidManifest.xml:7:5-8:19
MERGED from [com.google.android.gms:play-services-base:16.0.1] AndroidManifest.xml:22:5-27:19
MERGED from [com.google.android.gms:play-services-base:16.0.1] AndroidManifest.xml:22:5-27:19
MERGED from [com.google.firebase:firebase-common:16.0.3] AndroidManifest.xml:9:5-15:19
MERGED from [com.google.firebase:firebase-common:16.0.3] AndroidManifest.xml:9:5-15:19
MERGED from [com.google.android.gms:play-services-tasks:16.0.1] AndroidManifest.xml:7:5-20
MERGED from [com.google.android.gms:play-services-tasks:16.0.1] AndroidManifest.xml:7:5-20
MERGED from [com.google.android.gms:play-services-ads-identifier:16.0.0] AndroidManifest.xml:22:5-20
MERGED from [com.google.android.gms:play-services-ads-identifier:16.0.0] AndroidManifest.xml:22:5-20
MERGED from [com.google.android.gms:play-services-measurement-base:16.0.5] AndroidManifest.xml:7:5-20
MERGED from [com.google.android.gms:play-services-measurement-base:16.0.5] AndroidManifest.xml:7:5-20
MERGED from [com.google.android.gms:play-services-stats:16.0.1] AndroidManifest.xml:7:5-20
MERGED from [com.google.android.gms:play-services-stats:16.0.1] AndroidManifest.xml:7:5-20
MERGED from [com.google.firebase:firebase-measurement-connector:17.0.1] AndroidManifest.xml:22:5-23:19
MERGED from [com.google.firebase:firebase-measurement-connector:17.0.1] AndroidManifest.xml:22:5-23:19
MERGED from [com.google.android.gms:play-services-basement:16.1.0] AndroidManifest.xml:22:5-26:19
MERGED from [com.google.android.gms:play-services-basement:16.1.0] AndroidManifest.xml:22:5-26:19
MERGED from [com.crashlytics.sdk.android:beta:1.2.7] AndroidManifest.xml:11:5-20
MERGED from [com.crashlytics.sdk.android:beta:1.2.7] AndroidManifest.xml:11:5-20
MERGED from [com.crashlytics.sdk.android:crashlytics-core:2.6.1] AndroidManifest.xml:54:5-20
MERGED from [com.crashlytics.sdk.android:crashlytics-core:2.6.1] AndroidManifest.xml:54:5-20
MERGED from [com.crashlytics.sdk.android:answers:1.4.1] AndroidManifest.xml:11:5-20
MERGED from [com.crashlytics.sdk.android:answers:1.4.1] AndroidManifest.xml:11:5-20
MERGED from [io.fabric.sdk.android:fabric:1.4.2] AndroidManifest.xml:31:5-20
MERGED from [io.fabric.sdk.android:fabric:1.4.2] AndroidManifest.xml:31:5-20
	android:supportsRtl
		ADDED from src\main\AndroidManifest.xml:5:114-140
	android:label
		ADDED from src\main\AndroidManifest.xml:5:81-113
	android:hardwareAccelerated
		ADDED from src\main\AndroidManifest.xml:5:18-52
	android:icon
		ADDED from src\main\AndroidManifest.xml:5:53-80
activity#io.ionic.starter.MainActivity
ADDED from src\main\AndroidManifest.xml:6:9-11:20
	android:label
		ADDED from src\main\AndroidManifest.xml:6:97-134
	android:launchMode
		ADDED from src\main\AndroidManifest.xml:6:135-165
	android:windowSoftInputMode
		ADDED from src\main\AndroidManifest.xml:6:257-299
	android:configChanges
		ADDED from src\main\AndroidManifest.xml:6:19-96
	android:theme
		ADDED from src\main\AndroidManifest.xml:6:194-256
	android:name
		ADDED from src\main\AndroidManifest.xml:6:166-193
intent-filter#android.intent.action.MAIN+android.intent.category.LAUNCHER
ADDED from src\main\AndroidManifest.xml:7:13-10:29
	android:label
		ADDED from src\main\AndroidManifest.xml:7:28-65
action#android.intent.action.MAIN
ADDED from src\main\AndroidManifest.xml:8:17-69
	android:name
		ADDED from src\main\AndroidManifest.xml:8:25-66
category#android.intent.category.LAUNCHER
ADDED from src\main\AndroidManifest.xml:9:17-77
	android:name
		ADDED from src\main\AndroidManifest.xml:9:27-74
service#com.google.android.gms.measurement.AppMeasurementService
ADDED from src\main\AndroidManifest.xml:12:9-140
MERGED from [com.google.firebase:firebase-analytics:16.0.6] AndroidManifest.xml:44:9-47:40
MERGED from [com.google.firebase:firebase-analytics:16.0.6] AndroidManifest.xml:44:9-47:40
	android:enabled
		ADDED from src\main\AndroidManifest.xml:12:18-40
	android:exported
		ADDED from src\main\AndroidManifest.xml:12:41-65
	android:name
		ADDED from src\main\AndroidManifest.xml:12:66-137
service#org.apache.cordova.firebase.FirebasePluginMessagingService
ADDED from src\main\AndroidManifest.xml:13:9-17:19
	android:name
		ADDED from src\main\AndroidManifest.xml:13:18-91
intent-filter#com.google.firebase.MESSAGING_EVENT
ADDED from src\main\AndroidManifest.xml:14:13-16:29
action#com.google.firebase.MESSAGING_EVENT
ADDED from src\main\AndroidManifest.xml:15:17-78
	android:name
		ADDED from src\main\AndroidManifest.xml:15:25-75
service#org.apache.cordova.firebase.FirebasePluginInstanceIDService
ADDED from src\main\AndroidManifest.xml:18:9-22:19
	android:name
		ADDED from src\main\AndroidManifest.xml:18:18-92
intent-filter#com.google.firebase.INSTANCE_ID_EVENT
ADDED from src\main\AndroidManifest.xml:19:13-21:29
action#com.google.firebase.INSTANCE_ID_EVENT
ADDED from src\main\AndroidManifest.xml:20:17-80
	android:name
		ADDED from src\main\AndroidManifest.xml:20:25-77
receiver#org.apache.cordova.firebase.OnNotificationOpenReceiver
ADDED from src\main\AndroidManifest.xml:23:9-91
	android:name
		ADDED from src\main\AndroidManifest.xml:23:19-88
activity#com.google.zxing.client.android.CaptureActivity
ADDED from src\main\AndroidManifest.xml:24:9-311
	android:clearTaskOnLaunch
		ADDED from src\main\AndroidManifest.xml:24:19-51
	android:windowSoftInputMode
		ADDED from src\main\AndroidManifest.xml:24:261-308
	android:exported
		ADDED from src\main\AndroidManifest.xml:24:114-138
	android:configChanges
		ADDED from src\main\AndroidManifest.xml:24:52-113
	android:theme
		ADDED from src\main\AndroidManifest.xml:24:202-260
	android:name
		ADDED from src\main\AndroidManifest.xml:24:139-201
activity#com.google.zxing.client.android.encode.EncodeActivity
ADDED from src\main\AndroidManifest.xml:25:9-112
	android:label
		ADDED from src\main\AndroidManifest.xml:25:19-40
	android:name
		ADDED from src\main\AndroidManifest.xml:25:41-109
uses-sdk
ADDED from src\main\AndroidManifest.xml:27:5-74
MERGED from [me.leolin:ShortcutBadger:1.1.4] AndroidManifest.xml:7:5-9:41
MERGED from [me.leolin:ShortcutBadger:1.1.4] AndroidManifest.xml:7:5-9:41
MERGED from [com.google.firebase:firebase-auth:16.1.0] AndroidManifest.xml:21:5-44
MERGED from [com.google.firebase:firebase-auth:16.1.0] AndroidManifest.xml:21:5-44
MERGED from [com.crashlytics.sdk.android:crashlytics:2.9.1] AndroidManifest.xml:7:5-43
MERGED from [com.crashlytics.sdk.android:crashlytics:2.9.1] AndroidManifest.xml:7:5-43
MERGED from [:barcodescanner-release-2.1.5:] AndroidManifest.xml:7:5-9:41
MERGED from [:barcodescanner-release-2.1.5:] AndroidManifest.xml:7:5-9:41
MERGED from [com.google.android.gms:play-services-tagmanager:16.0.6] AndroidManifest.xml:20:5-44
MERGED from [com.google.android.gms:play-services-tagmanager:16.0.6] AndroidManifest.xml:20:5-44
MERGED from [com.google.firebase:firebase-core:16.0.6] AndroidManifest.xml:5:5-44
MERGED from [com.google.firebase:firebase-core:16.0.6] AndroidManifest.xml:5:5-44
MERGED from [com.google.firebase:firebase-messaging:17.3.4] AndroidManifest.xml:20:5-44
MERGED from [com.google.firebase:firebase-messaging:17.3.4] AndroidManifest.xml:20:5-44
MERGED from [com.google.firebase:firebase-perf:16.2.3] AndroidManifest.xml:20:5-44
MERGED from [com.google.firebase:firebase-perf:16.2.3] AndroidManifest.xml:20:5-44
MERGED from [com.google.firebase:firebase-config:16.1.2] AndroidManifest.xml:20:5-44
MERGED from [com.google.firebase:firebase-config:16.1.2] AndroidManifest.xml:20:5-44
MERGED from [com.google.android.gms:play-services-flags:16.0.1] AndroidManifest.xml:20:5-44
MERGED from [com.google.android.gms:play-services-flags:16.0.1] AndroidManifest.xml:20:5-44
MERGED from [com.google.firebase:firebase-auth-interop:16.0.1] AndroidManifest.xml:5:5-44
MERGED from [com.google.firebase:firebase-auth-interop:16.0.1] AndroidManifest.xml:5:5-44
MERGED from [com.google.android.gms:play-services-analytics-impl:16.0.6] AndroidManifest.xml:20:5-44
MERGED from [com.google.android.gms:play-services-analytics-impl:16.0.6] AndroidManifest.xml:20:5-44
MERGED from [com.google.android.gms:play-services-clearcut:16.0.0] AndroidManifest.xml:20:5-44
MERGED from [com.google.android.gms:play-services-clearcut:16.0.0] AndroidManifest.xml:20:5-44
MERGED from [com.google.android.gms:play-services-phenotype:16.0.0] AndroidManifest.xml:20:5-44
MERGED from [com.google.android.gms:play-services-phenotype:16.0.0] AndroidManifest.xml:20:5-44
MERGED from [com.google.android.gms:play-services-tagmanager-api:16.0.6] AndroidManifest.xml:20:5-44
MERGED from [com.google.android.gms:play-services-tagmanager-api:16.0.6] AndroidManifest.xml:20:5-44
MERGED from [com.google.firebase:firebase-measurement-connector-impl:17.0.4] AndroidManifest.xml:20:5-44
MERGED from [com.google.firebase:firebase-measurement-connector-impl:17.0.4] AndroidManifest.xml:20:5-44
MERGED from [com.google.firebase:firebase-analytics:16.0.6] AndroidManifest.xml:20:5-44
MERGED from [com.google.firebase:firebase-analytics:16.0.6] AndroidManifest.xml:20:5-44
MERGED from [com.google.android.gms:play-services-measurement-api:16.0.4] AndroidManifest.xml:20:5-44
MERGED from [com.google.android.gms:play-services-measurement-api:16.0.4] AndroidManifest.xml:20:5-44
MERGED from [com.google.firebase:firebase-abt:16.0.1] AndroidManifest.xml:5:5-44
MERGED from [com.google.firebase:firebase-abt:16.0.1] AndroidManifest.xml:5:5-44
MERGED from [com.google.firebase:firebase-analytics-impl:16.2.4] AndroidManifest.xml:20:5-44
MERGED from [com.google.firebase:firebase-analytics-impl:16.2.4] AndroidManifest.xml:20:5-44
MERGED from [com.google.firebase:firebase-iid:17.0.4] AndroidManifest.xml:20:5-44
MERGED from [com.google.firebase:firebase-iid:17.0.4] AndroidManifest.xml:20:5-44
MERGED from [com.google.firebase:firebase-iid-interop:16.0.1] AndroidManifest.xml:5:5-44
MERGED from [com.google.firebase:firebase-iid-interop:16.0.1] AndroidManifest.xml:5:5-44
MERGED from [com.google.android.gms:play-services-base:16.0.1] AndroidManifest.xml:20:5-44
MERGED from [com.google.android.gms:play-services-base:16.0.1] AndroidManifest.xml:20:5-44
MERGED from [com.google.firebase:firebase-common:16.0.3] AndroidManifest.xml:5:5-7:41
MERGED from [com.google.firebase:firebase-common:16.0.3] AndroidManifest.xml:5:5-7:41
MERGED from [com.google.android.gms:play-services-tasks:16.0.1] AndroidManifest.xml:5:5-44
MERGED from [com.google.android.gms:play-services-tasks:16.0.1] AndroidManifest.xml:5:5-44
MERGED from [com.google.android.gms:play-services-ads-identifier:16.0.0] AndroidManifest.xml:20:5-44
MERGED from [com.google.android.gms:play-services-ads-identifier:16.0.0] AndroidManifest.xml:20:5-44
MERGED from [com.google.android.gms:play-services-measurement-base:16.0.5] AndroidManifest.xml:5:5-44
MERGED from [com.google.android.gms:play-services-measurement-base:16.0.5] AndroidManifest.xml:5:5-44
MERGED from [com.google.android.gms:play-services-stats:16.0.1] AndroidManifest.xml:5:5-44
MERGED from [com.google.android.gms:play-services-stats:16.0.1] AndroidManifest.xml:5:5-44
MERGED from [com.google.firebase:firebase-measurement-connector:17.0.1] AndroidManifest.xml:20:5-44
MERGED from [com.google.firebase:firebase-measurement-connector:17.0.1] AndroidManifest.xml:20:5-44
MERGED from [com.google.android.gms:play-services-basement:16.1.0] AndroidManifest.xml:20:5-44
MERGED from [com.google.android.gms:play-services-basement:16.1.0] AndroidManifest.xml:20:5-44
MERGED from [com.android.support:support-v4:27.1.1] AndroidManifest.xml:20:5-44
MERGED from [com.android.support:support-v4:27.1.1] AndroidManifest.xml:20:5-44
MERGED from [com.android.support:support-media-compat:27.1.1] AndroidManifest.xml:20:5-44
MERGED from [com.android.support:support-media-compat:27.1.1] AndroidManifest.xml:20:5-44
MERGED from [com.android.support:support-fragment:27.1.1] AndroidManifest.xml:20:5-44
MERGED from [com.android.support:support-fragment:27.1.1] AndroidManifest.xml:20:5-44
MERGED from [com.android.support:support-core-ui:27.1.1] AndroidManifest.xml:20:5-44
MERGED from [com.android.support:support-core-ui:27.1.1] AndroidManifest.xml:20:5-44
MERGED from [com.android.support:support-core-utils:27.1.1] AndroidManifest.xml:20:5-44
MERGED from [com.android.support:support-core-utils:27.1.1] AndroidManifest.xml:20:5-44
MERGED from [com.android.support:support-compat:27.1.1] AndroidManifest.xml:20:5-44
MERGED from [com.android.support:support-compat:27.1.1] AndroidManifest.xml:20:5-44
MERGED from [:CordovaLib] AndroidManifest.xml:25:5-44
MERGED from [:CordovaLib] AndroidManifest.xml:25:5-44
MERGED from [com.crashlytics.sdk.android:beta:1.2.7] AndroidManifest.xml:7:5-43
MERGED from [com.crashlytics.sdk.android:beta:1.2.7] AndroidManifest.xml:7:5-43
MERGED from [com.crashlytics.sdk.android:crashlytics-core:2.6.1] AndroidManifest.xml:50:5-43
MERGED from [com.crashlytics.sdk.android:crashlytics-core:2.6.1] AndroidManifest.xml:50:5-43
MERGED from [com.crashlytics.sdk.android:answers:1.4.1] AndroidManifest.xml:7:5-43
MERGED from [com.crashlytics.sdk.android:answers:1.4.1] AndroidManifest.xml:7:5-43
MERGED from [io.fabric.sdk.android:fabric:1.4.2] AndroidManifest.xml:27:5-43
MERGED from [io.fabric.sdk.android:fabric:1.4.2] AndroidManifest.xml:27:5-43
MERGED from [android.arch.lifecycle:runtime:1.1.0] AndroidManifest.xml:20:5-44
MERGED from [android.arch.lifecycle:runtime:1.1.0] AndroidManifest.xml:20:5-44
MERGED from [android.arch.lifecycle:livedata-core:1.1.0] AndroidManifest.xml:20:5-44
MERGED from [android.arch.lifecycle:livedata-core:1.1.0] AndroidManifest.xml:20:5-44
MERGED from [android.arch.lifecycle:viewmodel:1.1.0] AndroidManifest.xml:20:5-44
MERGED from [android.arch.lifecycle:viewmodel:1.1.0] AndroidManifest.xml:20:5-44
MERGED from [android.arch.core:runtime:1.1.0] AndroidManifest.xml:20:5-44
MERGED from [android.arch.core:runtime:1.1.0] AndroidManifest.xml:20:5-44
	android:targetSdkVersion
		ADDED from src\main\AndroidManifest.xml:27:42-71
	android:minSdkVersion
		ADDED from src\main\AndroidManifest.xml:27:15-41
uses-permission#android.permission.ACCESS_NETWORK_STATE
ADDED from src\main\AndroidManifest.xml:28:5-79
MERGED from [com.google.android.gms:play-services-analytics-impl:16.0.6] AndroidManifest.xml:24:5-79
MERGED from [com.google.android.gms:play-services-analytics-impl:16.0.6] AndroidManifest.xml:24:5-79
MERGED from [com.google.android.gms:play-services-tagmanager-api:16.0.6] AndroidManifest.xml:24:5-79
MERGED from [com.google.android.gms:play-services-tagmanager-api:16.0.6] AndroidManifest.xml:24:5-79
MERGED from [com.google.firebase:firebase-measurement-connector-impl:17.0.4] AndroidManifest.xml:23:5-79
MERGED from [com.google.firebase:firebase-measurement-connector-impl:17.0.4] AndroidManifest.xml:23:5-79
MERGED from [com.google.firebase:firebase-analytics:16.0.6] AndroidManifest.xml:24:5-79
MERGED from [com.google.firebase:firebase-analytics:16.0.6] AndroidManifest.xml:24:5-79
MERGED from [com.google.firebase:firebase-analytics-impl:16.2.4] AndroidManifest.xml:24:5-79
MERGED from [com.google.firebase:firebase-analytics-impl:16.2.4] AndroidManifest.xml:24:5-79
MERGED from [com.google.firebase:firebase-iid:17.0.4] AndroidManifest.xml:22:5-79
MERGED from [com.google.firebase:firebase-iid:17.0.4] AndroidManifest.xml:22:5-79
	android:name
		ADDED from src\main\AndroidManifest.xml:28:22-76
uses-permission#android.permission.WAKE_LOCK
ADDED from src\main\AndroidManifest.xml:29:5-68
MERGED from [com.google.android.gms:play-services-analytics-impl:16.0.6] AndroidManifest.xml:27:5-68
MERGED from [com.google.android.gms:play-services-analytics-impl:16.0.6] AndroidManifest.xml:27:5-68
MERGED from [com.google.firebase:firebase-measurement-connector-impl:17.0.4] AndroidManifest.xml:24:5-68
MERGED from [com.google.firebase:firebase-measurement-connector-impl:17.0.4] AndroidManifest.xml:24:5-68
MERGED from [com.google.firebase:firebase-analytics:16.0.6] AndroidManifest.xml:25:5-68
MERGED from [com.google.firebase:firebase-analytics:16.0.6] AndroidManifest.xml:25:5-68
MERGED from [com.google.firebase:firebase-analytics-impl:16.2.4] AndroidManifest.xml:25:5-68
MERGED from [com.google.firebase:firebase-analytics-impl:16.2.4] AndroidManifest.xml:25:5-68
MERGED from [com.google.firebase:firebase-iid:17.0.4] AndroidManifest.xml:24:5-68
MERGED from [com.google.firebase:firebase-iid:17.0.4] AndroidManifest.xml:24:5-68
	android:name
		ADDED from src\main\AndroidManifest.xml:29:22-65
uses-permission#android.permission.CAMERA
ADDED from src\main\AndroidManifest.xml:30:5-65
	android:name
		ADDED from src\main\AndroidManifest.xml:30:22-62
uses-permission#android.permission.FLASHLIGHT
ADDED from src\main\AndroidManifest.xml:31:5-69
	android:name
		ADDED from src\main\AndroidManifest.xml:31:22-66
uses-feature#android.hardware.camera
ADDED from src\main\AndroidManifest.xml:32:5-84
	android:required
		ADDED from src\main\AndroidManifest.xml:32:58-81
	android:name
		ADDED from src\main\AndroidManifest.xml:32:19-57
uses-permission#com.sec.android.provider.badge.permission.READ
ADDED from [me.leolin:ShortcutBadger:1.1.4] AndroidManifest.xml:19:5-86
	android:name
		ADDED from [me.leolin:ShortcutBadger:1.1.4] AndroidManifest.xml:19:22-83
uses-permission#com.sec.android.provider.badge.permission.WRITE
ADDED from [me.leolin:ShortcutBadger:1.1.4] AndroidManifest.xml:20:5-87
	android:name
		ADDED from [me.leolin:ShortcutBadger:1.1.4] AndroidManifest.xml:20:22-84
uses-permission#com.htc.launcher.permission.READ_SETTINGS
ADDED from [me.leolin:ShortcutBadger:1.1.4] AndroidManifest.xml:23:5-81
	android:name
		ADDED from [me.leolin:ShortcutBadger:1.1.4] AndroidManifest.xml:23:22-78
uses-permission#com.htc.launcher.permission.UPDATE_SHORTCUT
ADDED from [me.leolin:ShortcutBadger:1.1.4] AndroidManifest.xml:24:5-83
	android:name
		ADDED from [me.leolin:ShortcutBadger:1.1.4] AndroidManifest.xml:24:22-80
uses-permission#com.sonyericsson.home.permission.BROADCAST_BADGE
ADDED from [me.leolin:ShortcutBadger:1.1.4] AndroidManifest.xml:27:5-88
	android:name
		ADDED from [me.leolin:ShortcutBadger:1.1.4] AndroidManifest.xml:27:22-85
uses-permission#com.anddoes.launcher.permission.UPDATE_COUNT
ADDED from [me.leolin:ShortcutBadger:1.1.4] AndroidManifest.xml:30:5-84
	android:name
		ADDED from [me.leolin:ShortcutBadger:1.1.4] AndroidManifest.xml:30:22-81
uses-permission#com.majeur.launcher.permission.UPDATE_BADGE
ADDED from [me.leolin:ShortcutBadger:1.1.4] AndroidManifest.xml:33:5-83
	android:name
		ADDED from [me.leolin:ShortcutBadger:1.1.4] AndroidManifest.xml:33:22-80
activity#com.google.firebase.auth.internal.FederatedSignInActivity
ADDED from [com.google.firebase:firebase-auth:16.1.0] AndroidManifest.xml:24:9-31:50
	android:excludeFromRecents
		ADDED from [com.google.firebase:firebase-auth:16.1.0] AndroidManifest.xml:26:13-46